{"C:\\Users\\vasil\\OneDrive\\Desktop\\sistemi3\\backend\\app.js": {"path":"C:\\Users\\vasil\\OneDrive\\Desktop\\sistemi3\\backend\\app.js","statementMap":{"0":{"start":{"line":1,"column":16},"end":{"line":1,"column":34}},"1":{"start":{"line":2,"column":13},"end":{"line":2,"column":28}},"2":{"start":{"line":3,"column":15},"end":{"line":3,"column":32}},"3":{"start":{"line":4,"column":13},"end":{"line":4,"column":28}},"4":{"start":{"line":6,"column":19},"end":{"line":6,"column":43}},"5":{"start":{"line":7,"column":22},"end":{"line":7,"column":50}},"6":{"start":{"line":8,"column":19},"end":{"line":8,"column":44}},"7":{"start":{"line":9,"column":20},"end":{"line":9,"column":46}},"8":{"start":{"line":10,"column":22},"end":{"line":10,"column":50}},"9":{"start":{"line":12,"column":12},"end":{"line":12,"column":21}},"10":{"start":{"line":14,"column":0},"end":{"line":14,"column":18}},"11":{"start":{"line":15,"column":0},"end":{"line":15,"column":16}},"12":{"start":{"line":16,"column":0},"end":{"line":16,"column":41}},"13":{"start":{"line":17,"column":0},"end":{"line":17,"column":63}},"14":{"start":{"line":19,"column":0},"end":{"line":19,"column":69}},"15":{"start":{"line":21,"column":0},"end":{"line":21,"column":33}},"16":{"start":{"line":22,"column":0},"end":{"line":22,"column":40}},"17":{"start":{"line":23,"column":0},"end":{"line":23,"column":34}},"18":{"start":{"line":24,"column":0},"end":{"line":24,"column":36}},"19":{"start":{"line":25,"column":0},"end":{"line":25,"column":40}},"20":{"start":{"line":27,"column":0},"end":{"line":29,"column":3}},"21":{"start":{"line":28,"column":2},"end":{"line":28,"column":59}},"22":{"start":{"line":31,"column":0},"end":{"line":34,"column":3}},"23":{"start":{"line":32,"column":2},"end":{"line":32,"column":27}},"24":{"start":{"line":33,"column":2},"end":{"line":33,"column":61}},"25":{"start":{"line":36,"column":0},"end":{"line":36,"column":21}}},"fnMap":{"0":{"name":"(anonymous_0)","decl":{"start":{"line":27,"column":23},"end":{"line":27,"column":24}},"loc":{"start":{"line":27,"column":37},"end":{"line":29,"column":1}},"line":27},"1":{"name":"(anonymous_1)","decl":{"start":{"line":31,"column":8},"end":{"line":31,"column":9}},"loc":{"start":{"line":31,"column":33},"end":{"line":34,"column":1}},"line":31}},"branchMap":{},"s":{"0":5,"1":5,"2":5,"3":5,"4":5,"5":5,"6":5,"7":5,"8":5,"9":5,"10":5,"11":5,"12":5,"13":5,"14":5,"15":5,"16":5,"17":5,"18":5,"19":5,"20":5,"21":1,"22":5,"23":0,"24":0,"25":5},"f":{"0":1,"1":0},"b":{},"_coverageSchema":"1a1c01bbd47fc00a2c39e90264f33305004495a9","hash":"bc652e043cc5ea9acf236088990ff15e0043a547"}
,"C:\\Users\\vasil\\OneDrive\\Desktop\\sistemi3\\backend\\config\\config.js": {"path":"C:\\Users\\vasil\\OneDrive\\Desktop\\sistemi3\\backend\\config\\config.js","statementMap":{"0":{"start":{"line":1,"column":0},"end":{"line":1,"column":27}},"1":{"start":{"line":3,"column":0},"end":{"line":17,"column":2}}},"fnMap":{},"branchMap":{"0":{"loc":{"start":{"line":4,"column":8},"end":{"line":4,"column":32}},"type":"binary-expr","locations":[{"start":{"line":4,"column":8},"end":{"line":4,"column":24}},{"start":{"line":4,"column":28},"end":{"line":4,"column":32}}],"line":4},"1":{"loc":{"start":{"line":5,"column":13},"end":{"line":5,"column":56}},"type":"binary-expr","locations":[{"start":{"line":5,"column":13},"end":{"line":5,"column":35}},{"start":{"line":5,"column":39},"end":{"line":5,"column":56}}],"line":5},"2":{"loc":{"start":{"line":6,"column":13},"end":{"line":6,"column":43}},"type":"binary-expr","locations":[{"start":{"line":6,"column":13},"end":{"line":6,"column":35}},{"start":{"line":6,"column":39},"end":{"line":6,"column":43}}],"line":6},"3":{"loc":{"start":{"line":8,"column":10},"end":{"line":8,"column":44}},"type":"binary-expr","locations":[{"start":{"line":8,"column":10},"end":{"line":8,"column":29}},{"start":{"line":8,"column":33},"end":{"line":8,"column":44}}],"line":8},"4":{"loc":{"start":{"line":9,"column":10},"end":{"line":9,"column":39}},"type":"binary-expr","locations":[{"start":{"line":9,"column":10},"end":{"line":9,"column":29}},{"start":{"line":9,"column":33},"end":{"line":9,"column":39}}],"line":9},"5":{"loc":{"start":{"line":10,"column":14},"end":{"line":10,"column":43}},"type":"binary-expr","locations":[{"start":{"line":10,"column":14},"end":{"line":10,"column":37}},{"start":{"line":10,"column":41},"end":{"line":10,"column":43}}],"line":10},"6":{"loc":{"start":{"line":11,"column":14},"end":{"line":11,"column":50}},"type":"binary-expr","locations":[{"start":{"line":11,"column":14},"end":{"line":11,"column":33}},{"start":{"line":11,"column":37},"end":{"line":11,"column":50}}],"line":11}},"s":{"0":5,"1":5},"f":{},"b":{"0":[5,0],"1":[5,0],"2":[5,0],"3":[5,0],"4":[5,0],"5":[5,5],"6":[5,0]},"_coverageSchema":"1a1c01bbd47fc00a2c39e90264f33305004495a9","hash":"07d07823dca9fffdf3109f43c2fc01efe5ce7f58"}
,"C:\\Users\\vasil\\OneDrive\\Desktop\\sistemi3\\backend\\config\\database.js": {"path":"C:\\Users\\vasil\\OneDrive\\Desktop\\sistemi3\\backend\\config\\database.js","statementMap":{"0":{"start":{"line":1,"column":14},"end":{"line":1,"column":31}},"1":{"start":{"line":2,"column":0},"end":{"line":2,"column":27}},"2":{"start":{"line":4,"column":15},"end":{"line":4,"column":46}},"3":{"start":{"line":5,"column":15},"end":{"line":5,"column":83}},"4":{"start":{"line":7,"column":13},"end":{"line":15,"column":2}},"5":{"start":{"line":17,"column":20},"end":{"line":17,"column":34}},"6":{"start":{"line":19,"column":0},"end":{"line":19,"column":29}}},"fnMap":{},"branchMap":{"0":{"loc":{"start":{"line":5,"column":15},"end":{"line":5,"column":83}},"type":"cond-expr","locations":[{"start":{"line":5,"column":24},"end":{"line":5,"column":42}},{"start":{"line":5,"column":46},"end":{"line":5,"column":82}}],"line":5},"1":{"loc":{"start":{"line":5,"column":46},"end":{"line":5,"column":82}},"type":"binary-expr","locations":[{"start":{"line":5,"column":46},"end":{"line":5,"column":65}},{"start":{"line":5,"column":69},"end":{"line":5,"column":82}}],"line":5},"2":{"loc":{"start":{"line":8,"column":8},"end":{"line":8,"column":42}},"type":"binary-expr","locations":[{"start":{"line":8,"column":8},"end":{"line":8,"column":27}},{"start":{"line":8,"column":31},"end":{"line":8,"column":42}}],"line":8},"3":{"loc":{"start":{"line":9,"column":8},"end":{"line":9,"column":37}},"type":"binary-expr","locations":[{"start":{"line":9,"column":8},"end":{"line":9,"column":27}},{"start":{"line":9,"column":31},"end":{"line":9,"column":37}}],"line":9},"4":{"loc":{"start":{"line":10,"column":12},"end":{"line":10,"column":41}},"type":"binary-expr","locations":[{"start":{"line":10,"column":12},"end":{"line":10,"column":35}},{"start":{"line":10,"column":39},"end":{"line":10,"column":41}}],"line":10}},"s":{"0":5,"1":5,"2":5,"3":5,"4":5,"5":5,"6":5},"f":{},"b":{"0":[5,0],"1":[0,0],"2":[5,0],"3":[5,0],"4":[5,5]},"_coverageSchema":"1a1c01bbd47fc00a2c39e90264f33305004495a9","hash":"9aa0ae4ab72dca76eef547a669258ea3e4ad52ab"}
,"C:\\Users\\vasil\\OneDrive\\Desktop\\sistemi3\\backend\\middleware\\auth.js": {"path":"C:\\Users\\vasil\\OneDrive\\Desktop\\sistemi3\\backend\\middleware\\auth.js","statementMap":{"0":{"start":{"line":1,"column":12},"end":{"line":1,"column":35}},"1":{"start":{"line":2,"column":15},"end":{"line":2,"column":42}},"2":{"start":{"line":4,"column":13},"end":{"line":18,"column":1}},"3":{"start":{"line":5,"column":16},"end":{"line":5,"column":67}},"4":{"start":{"line":7,"column":2},"end":{"line":9,"column":3}},"5":{"start":{"line":8,"column":4},"end":{"line":8,"column":79}},"6":{"start":{"line":11,"column":2},"end":{"line":17,"column":3}},"7":{"start":{"line":12,"column":20},"end":{"line":12,"column":55}},"8":{"start":{"line":13,"column":4},"end":{"line":13,"column":23}},"9":{"start":{"line":14,"column":4},"end":{"line":14,"column":11}},"10":{"start":{"line":16,"column":4},"end":{"line":16,"column":60}},"11":{"start":{"line":20,"column":0},"end":{"line":20,"column":22}}},"fnMap":{"0":{"name":"(anonymous_0)","decl":{"start":{"line":4,"column":13},"end":{"line":4,"column":14}},"loc":{"start":{"line":4,"column":33},"end":{"line":18,"column":1}},"line":4}},"branchMap":{"0":{"loc":{"start":{"line":7,"column":2},"end":{"line":9,"column":3}},"type":"if","locations":[{"start":{"line":7,"column":2},"end":{"line":9,"column":3}},{"start":{},"end":{}}],"line":7}},"s":{"0":5,"1":5,"2":5,"3":2,"4":2,"5":1,"6":1,"7":1,"8":1,"9":1,"10":0,"11":5},"f":{"0":2},"b":{"0":[1,1]},"_coverageSchema":"1a1c01bbd47fc00a2c39e90264f33305004495a9","hash":"b3290a82c1a7f4764ddecfbe670ccf24b3f44c6d"}
,"C:\\Users\\vasil\\OneDrive\\Desktop\\sistemi3\\backend\\middleware\\upload.js": {"path":"C:\\Users\\vasil\\OneDrive\\Desktop\\sistemi3\\backend\\middleware\\upload.js","statementMap":{"0":{"start":{"line":1,"column":15},"end":{"line":1,"column":32}},"1":{"start":{"line":2,"column":13},"end":{"line":2,"column":28}},"2":{"start":{"line":3,"column":11},"end":{"line":3,"column":24}},"3":{"start":{"line":5,"column":22},"end":{"line":18,"column":1}},"4":{"start":{"line":6,"column":2},"end":{"line":17,"column":5}},"5":{"start":{"line":8,"column":6},"end":{"line":10,"column":7}},"6":{"start":{"line":9,"column":8},"end":{"line":9,"column":54}},"7":{"start":{"line":11,"column":6},"end":{"line":11,"column":27}},"8":{"start":{"line":14,"column":27},"end":{"line":14,"column":77}},"9":{"start":{"line":15,"column":6},"end":{"line":15,"column":86}},"10":{"start":{"line":20,"column":20},"end":{"line":26,"column":1}},"11":{"start":{"line":21,"column":2},"end":{"line":25,"column":3}},"12":{"start":{"line":22,"column":4},"end":{"line":22,"column":19}},"13":{"start":{"line":24,"column":4},"end":{"line":24,"column":57}},"14":{"start":{"line":28,"column":20},"end":{"line":36,"column":1}},"15":{"start":{"line":29,"column":23},"end":{"line":29,"column":56}},"16":{"start":{"line":30,"column":14},"end":{"line":30,"column":59}},"17":{"start":{"line":31,"column":2},"end":{"line":35,"column":3}},"18":{"start":{"line":32,"column":4},"end":{"line":32,"column":19}},"19":{"start":{"line":34,"column":4},"end":{"line":34,"column":60}},"20":{"start":{"line":38,"column":21},"end":{"line":42,"column":2}},"21":{"start":{"line":44,"column":21},"end":{"line":48,"column":2}},"22":{"start":{"line":50,"column":0},"end":{"line":53,"column":2}}},"fnMap":{"0":{"name":"(anonymous_0)","decl":{"start":{"line":5,"column":22},"end":{"line":5,"column":23}},"loc":{"start":{"line":5,"column":38},"end":{"line":18,"column":1}},"line":5},"1":{"name":"(anonymous_1)","decl":{"start":{"line":7,"column":17},"end":{"line":7,"column":18}},"loc":{"start":{"line":7,"column":36},"end":{"line":12,"column":5}},"line":7},"2":{"name":"(anonymous_2)","decl":{"start":{"line":13,"column":14},"end":{"line":13,"column":15}},"loc":{"start":{"line":13,"column":33},"end":{"line":16,"column":5}},"line":13},"3":{"name":"(anonymous_3)","decl":{"start":{"line":20,"column":20},"end":{"line":20,"column":21}},"loc":{"start":{"line":20,"column":39},"end":{"line":26,"column":1}},"line":20},"4":{"name":"(anonymous_4)","decl":{"start":{"line":28,"column":20},"end":{"line":28,"column":21}},"loc":{"start":{"line":28,"column":39},"end":{"line":36,"column":1}},"line":28}},"branchMap":{"0":{"loc":{"start":{"line":8,"column":6},"end":{"line":10,"column":7}},"type":"if","locations":[{"start":{"line":8,"column":6},"end":{"line":10,"column":7}},{"start":{},"end":{}}],"line":8},"1":{"loc":{"start":{"line":21,"column":2},"end":{"line":25,"column":3}},"type":"if","locations":[{"start":{"line":21,"column":2},"end":{"line":25,"column":3}},{"start":{"line":23,"column":9},"end":{"line":25,"column":3}}],"line":21},"2":{"loc":{"start":{"line":31,"column":2},"end":{"line":35,"column":3}},"type":"if","locations":[{"start":{"line":31,"column":2},"end":{"line":35,"column":3}},{"start":{"line":33,"column":9},"end":{"line":35,"column":3}}],"line":31}},"s":{"0":5,"1":5,"2":5,"3":5,"4":10,"5":0,"6":0,"7":0,"8":0,"9":0,"10":5,"11":0,"12":0,"13":0,"14":5,"15":0,"16":0,"17":0,"18":0,"19":0,"20":5,"21":5,"22":5},"f":{"0":10,"1":0,"2":0,"3":0,"4":0},"b":{"0":[0,0],"1":[0,0],"2":[0,0]},"_coverageSchema":"1a1c01bbd47fc00a2c39e90264f33305004495a9","hash":"674d8665005e9bc2705fd6582b721f3a4613cfa1"}
,"C:\\Users\\vasil\\OneDrive\\Desktop\\sistemi3\\backend\\routes\\auth.js": {"path":"C:\\Users\\vasil\\OneDrive\\Desktop\\sistemi3\\backend\\routes\\auth.js","statementMap":{"0":{"start":{"line":1,"column":16},"end":{"line":1,"column":34}},"1":{"start":{"line":2,"column":15},"end":{"line":2,"column":34}},"2":{"start":{"line":3,"column":12},"end":{"line":3,"column":35}},"3":{"start":{"line":4,"column":11},"end":{"line":4,"column":40}},"4":{"start":{"line":5,"column":15},"end":{"line":5,"column":42}},"5":{"start":{"line":6,"column":13},"end":{"line":6,"column":42}},"6":{"start":{"line":8,"column":15},"end":{"line":8,"column":31}},"7":{"start":{"line":10,"column":0},"end":{"line":52,"column":3}},"8":{"start":{"line":11,"column":2},"end":{"line":51,"column":3}},"9":{"start":{"line":12,"column":98},"end":{"line":12,"column":106}},"10":{"start":{"line":14,"column":27},"end":{"line":17,"column":5}},"11":{"start":{"line":19,"column":4},"end":{"line":21,"column":5}},"12":{"start":{"line":20,"column":6},"end":{"line":20,"column":70}},"13":{"start":{"line":23,"column":23},"end":{"line":23,"column":25}},"14":{"start":{"line":24,"column":27},"end":{"line":24,"column":66}},"15":{"start":{"line":26,"column":21},"end":{"line":29,"column":5}},"16":{"start":{"line":31,"column":18},"end":{"line":35,"column":5}},"17":{"start":{"line":37,"column":4},"end":{"line":47,"column":7}},"18":{"start":{"line":49,"column":4},"end":{"line":49,"column":25}},"19":{"start":{"line":50,"column":4},"end":{"line":50,"column":54}},"20":{"start":{"line":54,"column":0},"end":{"line":95,"column":3}},"21":{"start":{"line":55,"column":2},"end":{"line":94,"column":3}},"22":{"start":{"line":56,"column":32},"end":{"line":56,"column":40}},"23":{"start":{"line":58,"column":20},"end":{"line":61,"column":5}},"24":{"start":{"line":63,"column":4},"end":{"line":65,"column":5}},"25":{"start":{"line":64,"column":6},"end":{"line":64,"column":70}},"26":{"start":{"line":67,"column":17},"end":{"line":67,"column":25}},"27":{"start":{"line":68,"column":20},"end":{"line":68,"column":70}},"28":{"start":{"line":70,"column":4},"end":{"line":72,"column":5}},"29":{"start":{"line":71,"column":6},"end":{"line":71,"column":70}},"30":{"start":{"line":74,"column":18},"end":{"line":78,"column":5}},"31":{"start":{"line":80,"column":4},"end":{"line":90,"column":7}},"32":{"start":{"line":92,"column":4},"end":{"line":92,"column":25}},"33":{"start":{"line":93,"column":4},"end":{"line":93,"column":54}},"34":{"start":{"line":97,"column":0},"end":{"line":113,"column":3}},"35":{"start":{"line":98,"column":2},"end":{"line":112,"column":3}},"36":{"start":{"line":99,"column":20},"end":{"line":102,"column":5}},"37":{"start":{"line":104,"column":4},"end":{"line":106,"column":5}},"38":{"start":{"line":105,"column":6},"end":{"line":105,"column":65}},"39":{"start":{"line":108,"column":4},"end":{"line":108,"column":33}},"40":{"start":{"line":110,"column":4},"end":{"line":110,"column":25}},"41":{"start":{"line":111,"column":4},"end":{"line":111,"column":54}},"42":{"start":{"line":115,"column":0},"end":{"line":115,"column":24}}},"fnMap":{"0":{"name":"(anonymous_0)","decl":{"start":{"line":10,"column":25},"end":{"line":10,"column":26}},"loc":{"start":{"line":10,"column":45},"end":{"line":52,"column":1}},"line":10},"1":{"name":"(anonymous_1)","decl":{"start":{"line":54,"column":22},"end":{"line":54,"column":23}},"loc":{"start":{"line":54,"column":42},"end":{"line":95,"column":1}},"line":54},"2":{"name":"(anonymous_2)","decl":{"start":{"line":97,"column":24},"end":{"line":97,"column":25}},"loc":{"start":{"line":97,"column":44},"end":{"line":113,"column":1}},"line":97}},"branchMap":{"0":{"loc":{"start":{"line":19,"column":4},"end":{"line":21,"column":5}},"type":"if","locations":[{"start":{"line":19,"column":4},"end":{"line":21,"column":5}},{"start":{},"end":{}}],"line":19},"1":{"loc":{"start":{"line":63,"column":4},"end":{"line":65,"column":5}},"type":"if","locations":[{"start":{"line":63,"column":4},"end":{"line":65,"column":5}},{"start":{},"end":{}}],"line":63},"2":{"loc":{"start":{"line":70,"column":4},"end":{"line":72,"column":5}},"type":"if","locations":[{"start":{"line":70,"column":4},"end":{"line":72,"column":5}},{"start":{},"end":{}}],"line":70},"3":{"loc":{"start":{"line":104,"column":4},"end":{"line":106,"column":5}},"type":"if","locations":[{"start":{"line":104,"column":4},"end":{"line":106,"column":5}},{"start":{},"end":{}}],"line":104}},"s":{"0":5,"1":5,"2":5,"3":5,"4":5,"5":5,"6":5,"7":5,"8":2,"9":2,"10":2,"11":2,"12":0,"13":2,"14":2,"15":2,"16":2,"17":2,"18":0,"19":0,"20":5,"21":4,"22":4,"23":4,"24":4,"25":2,"26":2,"27":2,"28":2,"29":2,"30":0,"31":0,"32":0,"33":0,"34":5,"35":0,"36":0,"37":0,"38":0,"39":0,"40":0,"41":0,"42":5},"f":{"0":2,"1":4,"2":0},"b":{"0":[0,2],"1":[2,2],"2":[2,0],"3":[0,0]},"_coverageSchema":"1a1c01bbd47fc00a2c39e90264f33305004495a9","hash":"438e6aac71877c467b81dc4dcee2f0b10626c0a9"}
,"C:\\Users\\vasil\\OneDrive\\Desktop\\sistemi3\\backend\\routes\\messages.js": {"path":"C:\\Users\\vasil\\OneDrive\\Desktop\\sistemi3\\backend\\routes\\messages.js","statementMap":{"0":{"start":{"line":1,"column":16},"end":{"line":1,"column":34}},"1":{"start":{"line":2,"column":15},"end":{"line":2,"column":31}},"2":{"start":{"line":4,"column":0},"end":{"line":6,"column":3}},"3":{"start":{"line":5,"column":2},"end":{"line":5,"column":50}},"4":{"start":{"line":8,"column":0},"end":{"line":8,"column":24}}},"fnMap":{"0":{"name":"(anonymous_0)","decl":{"start":{"line":4,"column":16},"end":{"line":4,"column":17}},"loc":{"start":{"line":4,"column":30},"end":{"line":6,"column":1}},"line":4}},"branchMap":{},"s":{"0":5,"1":5,"2":5,"3":0,"4":5},"f":{"0":0},"b":{},"_coverageSchema":"1a1c01bbd47fc00a2c39e90264f33305004495a9","hash":"5aedf60b3f6e02cfcbdc9d086e2b6f39298e0e18"}
,"C:\\Users\\vasil\\OneDrive\\Desktop\\sistemi3\\backend\\routes\\orders.js": {"path":"C:\\Users\\vasil\\OneDrive\\Desktop\\sistemi3\\backend\\routes\\orders.js","statementMap":{"0":{"start":{"line":1,"column":16},"end":{"line":1,"column":34}},"1":{"start":{"line":2,"column":15},"end":{"line":2,"column":31}},"2":{"start":{"line":4,"column":0},"end":{"line":6,"column":3}},"3":{"start":{"line":5,"column":2},"end":{"line":5,"column":48}},"4":{"start":{"line":8,"column":0},"end":{"line":8,"column":24}}},"fnMap":{"0":{"name":"(anonymous_0)","decl":{"start":{"line":4,"column":16},"end":{"line":4,"column":17}},"loc":{"start":{"line":4,"column":30},"end":{"line":6,"column":1}},"line":4}},"branchMap":{},"s":{"0":5,"1":5,"2":5,"3":0,"4":5},"f":{"0":0},"b":{},"_coverageSchema":"1a1c01bbd47fc00a2c39e90264f33305004495a9","hash":"bf69f29675d49173b8529b56e1a3959b1ddb6b21"}
,"C:\\Users\\vasil\\OneDrive\\Desktop\\sistemi3\\backend\\routes\\products.js": {"path":"C:\\Users\\vasil\\OneDrive\\Desktop\\sistemi3\\backend\\routes\\products.js","statementMap":{"0":{"start":{"line":1,"column":16},"end":{"line":1,"column":34}},"1":{"start":{"line":2,"column":11},"end":{"line":2,"column":40}},"2":{"start":{"line":3,"column":13},"end":{"line":3,"column":42}},"3":{"start":{"line":4,"column":39},"end":{"line":4,"column":70}},"4":{"start":{"line":6,"column":15},"end":{"line":6,"column":31}},"5":{"start":{"line":8,"column":0},"end":{"line":72,"column":3}},"6":{"start":{"line":9,"column":2},"end":{"line":71,"column":3}},"7":{"start":{"line":10,"column":86},"end":{"line":10,"column":95}},"8":{"start":{"line":11,"column":19},"end":{"line":11,"column":37}},"9":{"start":{"line":13,"column":16},"end":{"line":22,"column":5}},"10":{"start":{"line":24,"column":19},"end":{"line":24,"column":21}},"11":{"start":{"line":26,"column":4},"end":{"line":29,"column":5}},"12":{"start":{"line":27,"column":6},"end":{"line":27,"column":40}},"13":{"start":{"line":28,"column":6},"end":{"line":28,"column":28}},"14":{"start":{"line":31,"column":4},"end":{"line":34,"column":5}},"15":{"start":{"line":32,"column":6},"end":{"line":32,"column":71}},"16":{"start":{"line":33,"column":6},"end":{"line":33,"column":48}},"17":{"start":{"line":36,"column":4},"end":{"line":39,"column":5}},"18":{"start":{"line":37,"column":6},"end":{"line":37,"column":35}},"19":{"start":{"line":38,"column":6},"end":{"line":38,"column":28}},"20":{"start":{"line":41,"column":4},"end":{"line":44,"column":5}},"21":{"start":{"line":42,"column":6},"end":{"line":42,"column":35}},"22":{"start":{"line":43,"column":6},"end":{"line":43,"column":28}},"23":{"start":{"line":46,"column":4},"end":{"line":49,"column":5}},"24":{"start":{"line":47,"column":6},"end":{"line":47,"column":43}},"25":{"start":{"line":48,"column":6},"end":{"line":48,"column":29}},"26":{"start":{"line":51,"column":4},"end":{"line":51,"column":60}},"27":{"start":{"line":52,"column":4},"end":{"line":52,"column":51}},"28":{"start":{"line":54,"column":23},"end":{"line":54,"column":54}},"29":{"start":{"line":56,"column":23},"end":{"line":56,"column":106}},"30":{"start":{"line":57,"column":26},"end":{"line":57,"column":75}},"31":{"start":{"line":59,"column":4},"end":{"line":67,"column":7}},"32":{"start":{"line":69,"column":4},"end":{"line":69,"column":25}},"33":{"start":{"line":70,"column":4},"end":{"line":70,"column":54}},"34":{"start":{"line":74,"column":0},"end":{"line":123,"column":3}},"35":{"start":{"line":75,"column":2},"end":{"line":122,"column":3}},"36":{"start":{"line":76,"column":23},"end":{"line":84,"column":23}},"37":{"start":{"line":86,"column":4},"end":{"line":88,"column":5}},"38":{"start":{"line":87,"column":6},"end":{"line":87,"column":68}},"39":{"start":{"line":90,"column":21},"end":{"line":93,"column":5}},"40":{"start":{"line":95,"column":21},"end":{"line":98,"column":5}},"41":{"start":{"line":100,"column":22},"end":{"line":106,"column":23}},"42":{"start":{"line":108,"column":4},"end":{"line":111,"column":6}},"43":{"start":{"line":113,"column":4},"end":{"line":118,"column":7}},"44":{"start":{"line":120,"column":4},"end":{"line":120,"column":25}},"45":{"start":{"line":121,"column":4},"end":{"line":121,"column":54}},"46":{"start":{"line":125,"column":0},"end":{"line":152,"column":3}},"47":{"start":{"line":126,"column":2},"end":{"line":151,"column":3}},"48":{"start":{"line":127,"column":81},"end":{"line":127,"column":89}},"49":{"start":{"line":129,"column":21},"end":{"line":132,"column":5}},"50":{"start":{"line":134,"column":4},"end":{"line":142,"column":5}},"51":{"start":{"line":135,"column":6},"end":{"line":141,"column":7}},"52":{"start":{"line":135,"column":19},"end":{"line":135,"column":20}},"53":{"start":{"line":136,"column":21},"end":{"line":136,"column":33}},"54":{"start":{"line":137,"column":8},"end":{"line":140,"column":10}},"55":{"start":{"line":144,"column":4},"end":{"line":147,"column":7}},"56":{"start":{"line":149,"column":4},"end":{"line":149,"column":25}},"57":{"start":{"line":150,"column":4},"end":{"line":150,"column":54}},"58":{"start":{"line":154,"column":0},"end":{"line":187,"column":3}},"59":{"start":{"line":155,"column":2},"end":{"line":186,"column":3}},"60":{"start":{"line":156,"column":22},"end":{"line":156,"column":35}},"61":{"start":{"line":158,"column":23},"end":{"line":161,"column":5}},"62":{"start":{"line":163,"column":4},"end":{"line":165,"column":5}},"63":{"start":{"line":164,"column":6},"end":{"line":164,"column":68}},"64":{"start":{"line":167,"column":4},"end":{"line":169,"column":5}},"65":{"start":{"line":168,"column":6},"end":{"line":168,"column":65}},"66":{"start":{"line":171,"column":4},"end":{"line":173,"column":5}},"67":{"start":{"line":172,"column":6},"end":{"line":172,"column":73}},"68":{"start":{"line":175,"column":22},"end":{"line":175,"column":74}},"69":{"start":{"line":177,"column":4},"end":{"line":180,"column":6}},"70":{"start":{"line":182,"column":4},"end":{"line":182,"column":60}},"71":{"start":{"line":184,"column":4},"end":{"line":184,"column":25}},"72":{"start":{"line":185,"column":4},"end":{"line":185,"column":54}},"73":{"start":{"line":189,"column":0},"end":{"line":189,"column":24}}},"fnMap":{"0":{"name":"(anonymous_0)","decl":{"start":{"line":8,"column":16},"end":{"line":8,"column":17}},"loc":{"start":{"line":8,"column":36},"end":{"line":72,"column":1}},"line":8},"1":{"name":"(anonymous_1)","decl":{"start":{"line":74,"column":19},"end":{"line":74,"column":20}},"loc":{"start":{"line":74,"column":39},"end":{"line":123,"column":1}},"line":74},"2":{"name":"(anonymous_2)","decl":{"start":{"line":125,"column":57},"end":{"line":125,"column":58}},"loc":{"start":{"line":125,"column":77},"end":{"line":152,"column":1}},"line":125},"3":{"name":"(anonymous_3)","decl":{"start":{"line":154,"column":62},"end":{"line":154,"column":63}},"loc":{"start":{"line":154,"column":82},"end":{"line":187,"column":1}},"line":154}},"branchMap":{"0":{"loc":{"start":{"line":10,"column":12},"end":{"line":10,"column":20}},"type":"default-arg","locations":[{"start":{"line":10,"column":19},"end":{"line":10,"column":20}}],"line":10},"1":{"loc":{"start":{"line":10,"column":22},"end":{"line":10,"column":32}},"type":"default-arg","locations":[{"start":{"line":10,"column":30},"end":{"line":10,"column":32}}],"line":10},"2":{"loc":{"start":{"line":26,"column":4},"end":{"line":29,"column":5}},"type":"if","locations":[{"start":{"line":26,"column":4},"end":{"line":29,"column":5}},{"start":{},"end":{}}],"line":26},"3":{"loc":{"start":{"line":31,"column":4},"end":{"line":34,"column":5}},"type":"if","locations":[{"start":{"line":31,"column":4},"end":{"line":34,"column":5}},{"start":{},"end":{}}],"line":31},"4":{"loc":{"start":{"line":36,"column":4},"end":{"line":39,"column":5}},"type":"if","locations":[{"start":{"line":36,"column":4},"end":{"line":39,"column":5}},{"start":{},"end":{}}],"line":36},"5":{"loc":{"start":{"line":41,"column":4},"end":{"line":44,"column":5}},"type":"if","locations":[{"start":{"line":41,"column":4},"end":{"line":44,"column":5}},{"start":{},"end":{}}],"line":41},"6":{"loc":{"start":{"line":46,"column":4},"end":{"line":49,"column":5}},"type":"if","locations":[{"start":{"line":46,"column":4},"end":{"line":49,"column":5}},{"start":{},"end":{}}],"line":46},"7":{"loc":{"start":{"line":86,"column":4},"end":{"line":88,"column":5}},"type":"if","locations":[{"start":{"line":86,"column":4},"end":{"line":88,"column":5}},{"start":{},"end":{}}],"line":86},"8":{"loc":{"start":{"line":134,"column":4},"end":{"line":142,"column":5}},"type":"if","locations":[{"start":{"line":134,"column":4},"end":{"line":142,"column":5}},{"start":{},"end":{}}],"line":134},"9":{"loc":{"start":{"line":134,"column":8},"end":{"line":134,"column":41}},"type":"binary-expr","locations":[{"start":{"line":134,"column":8},"end":{"line":134,"column":17}},{"start":{"line":134,"column":21},"end":{"line":134,"column":41}}],"line":134},"10":{"loc":{"start":{"line":163,"column":4},"end":{"line":165,"column":5}},"type":"if","locations":[{"start":{"line":163,"column":4},"end":{"line":165,"column":5}},{"start":{},"end":{}}],"line":163},"11":{"loc":{"start":{"line":167,"column":4},"end":{"line":169,"column":5}},"type":"if","locations":[{"start":{"line":167,"column":4},"end":{"line":169,"column":5}},{"start":{},"end":{}}],"line":167},"12":{"loc":{"start":{"line":171,"column":4},"end":{"line":173,"column":5}},"type":"if","locations":[{"start":{"line":171,"column":4},"end":{"line":173,"column":5}},{"start":{},"end":{}}],"line":171}},"s":{"0":5,"1":5,"2":5,"3":5,"4":5,"5":5,"6":2,"7":2,"8":2,"9":2,"10":2,"11":2,"12":0,"13":0,"14":2,"15":0,"16":0,"17":2,"18":0,"19":0,"20":2,"21":0,"22":0,"23":2,"24":0,"25":0,"26":2,"27":2,"28":2,"29":2,"30":2,"31":2,"32":0,"33":0,"34":5,"35":4,"36":4,"37":4,"38":2,"39":2,"40":2,"41":2,"42":2,"43":2,"44":0,"45":0,"46":5,"47":0,"48":0,"49":0,"50":0,"51":0,"52":0,"53":0,"54":0,"55":0,"56":0,"57":0,"58":5,"59":0,"60":0,"61":0,"62":0,"63":0,"64":0,"65":0,"66":0,"67":0,"68":0,"69":0,"70":0,"71":0,"72":0,"73":5},"f":{"0":2,"1":4,"2":0,"3":0},"b":{"0":[2],"1":[2],"2":[0,2],"3":[0,2],"4":[0,2],"5":[0,2],"6":[0,2],"7":[2,2],"8":[0,0],"9":[0,0],"10":[0,0],"11":[0,0],"12":[0,0]},"_coverageSchema":"1a1c01bbd47fc00a2c39e90264f33305004495a9","hash":"6788914fcea2529aed557cce35d95873d5bc83c5"}
,"C:\\Users\\vasil\\OneDrive\\Desktop\\sistemi3\\backend\\routes\\users.js": {"path":"C:\\Users\\vasil\\OneDrive\\Desktop\\sistemi3\\backend\\routes\\users.js","statementMap":{"0":{"start":{"line":1,"column":16},"end":{"line":1,"column":34}},"1":{"start":{"line":2,"column":15},"end":{"line":2,"column":31}},"2":{"start":{"line":4,"column":0},"end":{"line":6,"column":3}},"3":{"start":{"line":5,"column":2},"end":{"line":5,"column":47}},"4":{"start":{"line":8,"column":0},"end":{"line":8,"column":24}}},"fnMap":{"0":{"name":"(anonymous_0)","decl":{"start":{"line":4,"column":16},"end":{"line":4,"column":17}},"loc":{"start":{"line":4,"column":30},"end":{"line":6,"column":1}},"line":4}},"branchMap":{},"s":{"0":5,"1":5,"2":5,"3":0,"4":5},"f":{"0":0},"b":{},"_coverageSchema":"1a1c01bbd47fc00a2c39e90264f33305004495a9","hash":"fc99855e844cd8bc477ecf4040b85e732b1e3077"}
,"C:\\Users\\vasil\\OneDrive\\Desktop\\sistemi3\\backend\\tests\\setup\\testDb.js": {"path":"C:\\Users\\vasil\\OneDrive\\Desktop\\sistemi3\\backend\\tests\\setup\\testDb.js","statementMap":{"0":{"start":{"line":1,"column":14},"end":{"line":1,"column":39}},"1":{"start":{"line":2,"column":11},"end":{"line":2,"column":33}},"2":{"start":{"line":3,"column":13},"end":{"line":3,"column":28}},"3":{"start":{"line":7,"column":22},"end":{"line":57,"column":1}},"4":{"start":{"line":8,"column":2},"end":{"line":56,"column":3}},"5":{"start":{"line":10,"column":4},"end":{"line":15,"column":7}},"6":{"start":{"line":17,"column":4},"end":{"line":17,"column":77}},"7":{"start":{"line":18,"column":4},"end":{"line":18,"column":27}},"8":{"start":{"line":21,"column":4},"end":{"line":27,"column":7}},"9":{"start":{"line":30,"column":23},"end":{"line":30,"column":69}},"10":{"start":{"line":31,"column":21},"end":{"line":31,"column":65}},"11":{"start":{"line":33,"column":22},"end":{"line":33,"column":59}},"12":{"start":{"line":34,"column":27},"end":{"line":36,"column":38}},"13":{"start":{"line":38,"column":4},"end":{"line":38,"column":43}},"14":{"start":{"line":39,"column":4},"end":{"line":39,"column":48}},"15":{"start":{"line":41,"column":21},"end":{"line":41,"column":58}},"16":{"start":{"line":42,"column":4},"end":{"line":50,"column":5}},"17":{"start":{"line":43,"column":26},"end":{"line":43,"column":86}},"18":{"start":{"line":44,"column":6},"end":{"line":49,"column":7}},"19":{"start":{"line":45,"column":24},"end":{"line":45,"column":59}},"20":{"start":{"line":46,"column":29},"end":{"line":46,"column":68}},"21":{"start":{"line":47,"column":8},"end":{"line":47,"column":45}},"22":{"start":{"line":48,"column":8},"end":{"line":48,"column":61}},"23":{"start":{"line":52,"column":4},"end":{"line":52,"column":49}},"24":{"start":{"line":54,"column":4},"end":{"line":54,"column":50}},"25":{"start":{"line":55,"column":4},"end":{"line":55,"column":16}},"26":{"start":{"line":59,"column":25},"end":{"line":69,"column":1}},"27":{"start":{"line":60,"column":2},"end":{"line":68,"column":3}},"28":{"start":{"line":61,"column":4},"end":{"line":65,"column":5}},"29":{"start":{"line":62,"column":6},"end":{"line":62,"column":73}},"30":{"start":{"line":63,"column":6},"end":{"line":63,"column":29}},"31":{"start":{"line":64,"column":6},"end":{"line":64,"column":46}},"32":{"start":{"line":67,"column":4},"end":{"line":67,"column":53}},"33":{"start":{"line":71,"column":22},"end":{"line":71,"column":38}},"34":{"start":{"line":71,"column":28},"end":{"line":71,"column":38}},"35":{"start":{"line":73,"column":0},"end":{"line":77,"column":2}}},"fnMap":{"0":{"name":"(anonymous_0)","decl":{"start":{"line":7,"column":22},"end":{"line":7,"column":23}},"loc":{"start":{"line":7,"column":34},"end":{"line":57,"column":1}},"line":7},"1":{"name":"(anonymous_1)","decl":{"start":{"line":59,"column":25},"end":{"line":59,"column":26}},"loc":{"start":{"line":59,"column":37},"end":{"line":69,"column":1}},"line":59},"2":{"name":"(anonymous_2)","decl":{"start":{"line":71,"column":22},"end":{"line":71,"column":23}},"loc":{"start":{"line":71,"column":28},"end":{"line":71,"column":38}},"line":71}},"branchMap":{"0":{"loc":{"start":{"line":42,"column":4},"end":{"line":50,"column":5}},"type":"if","locations":[{"start":{"line":42,"column":4},"end":{"line":50,"column":5}},{"start":{},"end":{}}],"line":42},"1":{"loc":{"start":{"line":44,"column":6},"end":{"line":49,"column":7}},"type":"if","locations":[{"start":{"line":44,"column":6},"end":{"line":49,"column":7}},{"start":{},"end":{}}],"line":44},"2":{"loc":{"start":{"line":61,"column":4},"end":{"line":65,"column":5}},"type":"if","locations":[{"start":{"line":61,"column":4},"end":{"line":65,"column":5}},{"start":{},"end":{}}],"line":61}},"s":{"0":5,"1":5,"2":5,"3":5,"4":5,"5":5,"6":5,"7":5,"8":5,"9":5,"10":5,"11":5,"12":5,"13":5,"14":5,"15":5,"16":5,"17":5,"18":5,"19":5,"20":5,"21":5,"22":5,"23":5,"24":0,"25":0,"26":5,"27":5,"28":5,"29":5,"30":5,"31":5,"32":0,"33":5,"34":0,"35":5},"f":{"0":5,"1":5,"2":0},"b":{"0":[5,0],"1":[5,0],"2":[5,0]},"_coverageSchema":"1a1c01bbd47fc00a2c39e90264f33305004495a9","hash":"a11dfd2b2274be694fa623960f10116488f138b1"}
}
