TN:
SF:app.js
FN:27,(anonymous_0)
FN:31,(anonymous_1)
FNF:2
FNH:1
FNDA:1,(anonymous_0)
FNDA:0,(anonymous_1)
DA:1,5
DA:2,5
DA:3,5
DA:4,5
DA:6,5
DA:7,5
DA:8,5
DA:9,5
DA:10,5
DA:12,5
DA:14,5
DA:15,5
DA:16,5
DA:17,5
DA:19,5
DA:21,5
DA:22,5
DA:23,5
DA:24,5
DA:25,5
DA:27,5
DA:28,1
DA:31,5
DA:32,0
DA:33,0
DA:36,5
LF:26
LH:24
BRF:0
BRH:0
end_of_record
TN:
SF:config\config.js
FNF:0
FNH:0
DA:1,5
DA:3,5
LF:2
LH:2
BRDA:4,0,0,5
BRDA:4,0,1,0
BRDA:5,1,0,5
BRDA:5,1,1,0
BRDA:6,2,0,5
BRDA:6,2,1,0
BRDA:8,3,0,5
BRDA:8,3,1,0
BRDA:9,4,0,5
BRDA:9,4,1,0
BRDA:10,5,0,5
BRDA:10,5,1,5
BRDA:11,6,0,5
BRDA:11,6,1,0
BRF:14
BRH:8
end_of_record
TN:
SF:config\database.js
FNF:0
FNH:0
DA:1,5
DA:2,5
DA:4,5
DA:5,5
DA:7,5
DA:17,5
DA:19,5
LF:7
LH:7
BRDA:5,0,0,5
BRDA:5,0,1,0
BRDA:5,1,0,0
BRDA:5,1,1,0
BRDA:8,2,0,5
BRDA:8,2,1,0
BRDA:9,3,0,5
BRDA:9,3,1,0
BRDA:10,4,0,5
BRDA:10,4,1,5
BRF:10
BRH:5
end_of_record
TN:
SF:middleware\auth.js
FN:4,(anonymous_0)
FNF:1
FNH:1
FNDA:2,(anonymous_0)
DA:1,5
DA:2,5
DA:4,5
DA:5,2
DA:7,2
DA:8,1
DA:11,1
DA:12,1
DA:13,1
DA:14,1
DA:16,0
DA:20,5
LF:12
LH:11
BRDA:7,0,0,1
BRDA:7,0,1,1
BRF:2
BRH:2
end_of_record
TN:
SF:middleware\upload.js
FN:5,(anonymous_0)
FN:7,(anonymous_1)
FN:13,(anonymous_2)
FN:20,(anonymous_3)
FN:28,(anonymous_4)
FNF:5
FNH:1
FNDA:10,(anonymous_0)
FNDA:0,(anonymous_1)
FNDA:0,(anonymous_2)
FNDA:0,(anonymous_3)
FNDA:0,(anonymous_4)
DA:1,5
DA:2,5
DA:3,5
DA:5,5
DA:6,10
DA:8,0
DA:9,0
DA:11,0
DA:14,0
DA:15,0
DA:20,5
DA:21,0
DA:22,0
DA:24,0
DA:28,5
DA:29,0
DA:30,0
DA:31,0
DA:32,0
DA:34,0
DA:38,5
DA:44,5
DA:50,5
LF:23
LH:10
BRDA:8,0,0,0
BRDA:8,0,1,0
BRDA:21,1,0,0
BRDA:21,1,1,0
BRDA:31,2,0,0
BRDA:31,2,1,0
BRF:6
BRH:0
end_of_record
TN:
SF:routes\auth.js
FN:10,(anonymous_0)
FN:54,(anonymous_1)
FN:97,(anonymous_2)
FNF:3
FNH:2
FNDA:2,(anonymous_0)
FNDA:4,(anonymous_1)
FNDA:0,(anonymous_2)
DA:1,5
DA:2,5
DA:3,5
DA:4,5
DA:5,5
DA:6,5
DA:8,5
DA:10,5
DA:11,2
DA:12,2
DA:14,2
DA:19,2
DA:20,0
DA:23,2
DA:24,2
DA:26,2
DA:31,2
DA:37,2
DA:49,0
DA:50,0
DA:54,5
DA:55,4
DA:56,4
DA:58,4
DA:63,4
DA:64,2
DA:67,2
DA:68,2
DA:70,2
DA:71,2
DA:74,0
DA:80,0
DA:92,0
DA:93,0
DA:97,5
DA:98,0
DA:99,0
DA:104,0
DA:105,0
DA:108,0
DA:110,0
DA:111,0
DA:115,5
LF:43
LH:29
BRDA:19,0,0,0
BRDA:19,0,1,2
BRDA:63,1,0,2
BRDA:63,1,1,2
BRDA:70,2,0,2
BRDA:70,2,1,0
BRDA:104,3,0,0
BRDA:104,3,1,0
BRF:8
BRH:4
end_of_record
TN:
SF:routes\messages.js
FN:4,(anonymous_0)
FNF:1
FNH:0
FNDA:0,(anonymous_0)
DA:1,5
DA:2,5
DA:4,5
DA:5,0
DA:8,5
LF:5
LH:4
BRF:0
BRH:0
end_of_record
TN:
SF:routes\orders.js
FN:4,(anonymous_0)
FNF:1
FNH:0
FNDA:0,(anonymous_0)
DA:1,5
DA:2,5
DA:4,5
DA:5,0
DA:8,5
LF:5
LH:4
BRF:0
BRH:0
end_of_record
TN:
SF:routes\products.js
FN:8,(anonymous_0)
FN:74,(anonymous_1)
FN:125,(anonymous_2)
FN:154,(anonymous_3)
FNF:4
FNH:2
FNDA:2,(anonymous_0)
FNDA:4,(anonymous_1)
FNDA:0,(anonymous_2)
FNDA:0,(anonymous_3)
DA:1,5
DA:2,5
DA:3,5
DA:4,5
DA:6,5
DA:8,5
DA:9,2
DA:10,2
DA:11,2
DA:13,2
DA:24,2
DA:26,2
DA:27,0
DA:28,0
DA:31,2
DA:32,0
DA:33,0
DA:36,2
DA:37,0
DA:38,0
DA:41,2
DA:42,0
DA:43,0
DA:46,2
DA:47,0
DA:48,0
DA:51,2
DA:52,2
DA:54,2
DA:56,2
DA:57,2
DA:59,2
DA:69,0
DA:70,0
DA:74,5
DA:75,4
DA:76,4
DA:86,4
DA:87,2
DA:90,2
DA:95,2
DA:100,2
DA:108,2
DA:113,2
DA:120,0
DA:121,0
DA:125,5
DA:126,0
DA:127,0
DA:129,0
DA:134,0
DA:135,0
DA:136,0
DA:137,0
DA:144,0
DA:149,0
DA:150,0
DA:154,5
DA:155,0
DA:156,0
DA:158,0
DA:163,0
DA:164,0
DA:167,0
DA:168,0
DA:171,0
DA:172,0
DA:175,0
DA:177,0
DA:182,0
DA:184,0
DA:185,0
DA:189,5
LF:73
LH:35
BRDA:10,0,0,2
BRDA:10,1,0,2
BRDA:26,2,0,0
BRDA:26,2,1,2
BRDA:31,3,0,0
BRDA:31,3,1,2
BRDA:36,4,0,0
BRDA:36,4,1,2
BRDA:41,5,0,0
BRDA:41,5,1,2
BRDA:46,6,0,0
BRDA:46,6,1,2
BRDA:86,7,0,2
BRDA:86,7,1,2
BRDA:134,8,0,0
BRDA:134,8,1,0
BRDA:134,9,0,0
BRDA:134,9,1,0
BRDA:163,10,0,0
BRDA:163,10,1,0
BRDA:167,11,0,0
BRDA:167,11,1,0
BRDA:171,12,0,0
BRDA:171,12,1,0
BRF:24
BRH:9
end_of_record
TN:
SF:routes\users.js
FN:4,(anonymous_0)
FNF:1
FNH:0
FNDA:0,(anonymous_0)
DA:1,5
DA:2,5
DA:4,5
DA:5,0
DA:8,5
LF:5
LH:4
BRF:0
BRH:0
end_of_record
TN:
SF:tests\setup\testDb.js
FN:7,(anonymous_0)
FN:59,(anonymous_1)
FN:71,(anonymous_2)
FNF:3
FNH:2
FNDA:5,(anonymous_0)
FNDA:5,(anonymous_1)
FNDA:0,(anonymous_2)
DA:1,5
DA:2,5
DA:3,5
DA:7,5
DA:8,5
DA:10,5
DA:17,5
DA:18,5
DA:21,5
DA:30,5
DA:31,5
DA:33,5
DA:34,5
DA:38,5
DA:39,5
DA:41,5
DA:42,5
DA:43,5
DA:44,5
DA:45,5
DA:46,5
DA:47,5
DA:48,5
DA:52,5
DA:54,0
DA:55,0
DA:59,5
DA:60,5
DA:61,5
DA:62,5
DA:63,5
DA:64,5
DA:67,0
DA:71,5
DA:73,5
LF:35
LH:32
BRDA:42,0,0,5
BRDA:42,0,1,0
BRDA:44,1,0,5
BRDA:44,1,1,0
BRDA:61,2,0,5
BRDA:61,2,1,0
BRF:6
BRH:3
end_of_record
